<?xml version="1.0" encoding="UTF-8"?>
<testsuite name="org.example.products.service.shop.ShopServiceImplTest" tests="1" skipped="0" failures="0" errors="0" timestamp="2025-05-27T23:35:22" hostname="DESKTOP-TRKGT3K" time="0.015">
  <properties/>
  <testcase name="testPutProductInShop_valid()" classname="org.example.products.service.shop.ShopServiceImplTest" time="0.015"/>
  <system-out><![CDATA[]]></system-out>
  <system-err><![CDATA[]]></system-err>
</testsuite>
