<?xml version="1.0" encoding="UTF-8"?>
<testsuite name="org.example.products.service.cashier.CashierServiceImplTest" tests="1" skipped="0" failures="0" errors="0" timestamp="2025-05-28T09:25:35" hostname="DESKTOP-TRKGT3K" time="0.017">
  <properties/>
  <testcase name="testCalculateSellingPriceWithoutDiscount()" classname="org.example.products.service.cashier.CashierServiceImplTest" time="0.017"/>
  <system-out><![CDATA[]]></system-out>
  <system-err><![CDATA[]]></system-err>
</testsuite>
